Configuration file: /root/lovetruth/site/_config.yml
            Source: /root/lovetruth/site
       Destination: /usr/share/nginx/html/
 Incremental build: disabled. Enable with --incremental
      Generating... 
                    done in 0.72 seconds.
 Auto-regeneration: enabled for '/root/lovetruth/site'
  JekyllAdmin mode: production
    Server address: http://127.0.0.1:4000/
  Server running... press ctrl-c to stop.
[2017-10-22 01:13:57] ERROR `/favicon.ico' not found.
Configuration file: /root/lovetruth/site/_config.yml
Configuration file: /root/lovetruth/site/_config.yml
      Regenerating: 1 file(s) changed at 2017-10-22 01:14:16 ...done in 0.488967861 seconds.
[2017-10-22 01:14:26] ERROR `/favicon.ico' not found.
      Regenerating: 1 file(s) changed at 2017-10-22 01:19:29 ...done in 0.275818862 seconds.
[2017-10-22 01:22:15] ERROR `/favicon.ico' not found.
Configuration file: /root/lovetruth/site/_config.yml
Configuration file: /root/lovetruth/site/_config.yml
      Regenerating: 1 file(s) changed at 2017-10-22 01:22:44 ...done in 0.400671751 seconds.
Configuration file: /root/lovetruth/site/_config.yml
Configuration file: /root/lovetruth/site/_config.yml
      Regenerating: 1 file(s) changed at 2017-10-22 01:26:50 ...done in 0.218523494 seconds.
      Regenerating: 1 file(s) changed at 2017-10-22 01:31:11 ...done in 0.236029948 seconds.
Configuration file: /root/lovetruth/site/_config.yml
Configuration file: /root/lovetruth/site/_config.yml
Configuration file: /root/lovetruth/site/_config.yml
Configuration file: /root/lovetruth/site/_config.yml
Configuration file: /root/lovetruth/site/_config.yml
      Regenerating: 1 file(s) changed at 2017-10-22 01:36:13 ...done in 0.307482 seconds.
Configuration file: /root/lovetruth/site/_config.yml
Configuration file: /root/lovetruth/site/_config.yml
      Regenerating: 1 file(s) changed at 2017-10-22 01:54:08 ...done in 0.224991814 seconds.
[2017-10-22 01:54:12] ERROR `/favicon.ico' not found.
Configuration file: /root/lovetruth/site/_config.yml
Configuration file: /root/lovetruth/site/_config.yml
Configuration file: /root/lovetruth/site/_config.yml
Configuration file: /root/lovetruth/site/_config.yml
Configuration file: /root/lovetruth/site/_config.yml
Configuration file: /root/lovetruth/site/_config.yml
Configuration file: /root/lovetruth/site/_config.yml
Configuration file: /root/lovetruth/site/_config.yml
Configuration file: /root/lovetruth/site/_config.yml
      Regenerating: 1 file(s) changed at 2017-10-22 02:00:38 ...done in 0.332259969 seconds.
      Regenerating: 1 file(s) changed at 2017-10-22 02:00:57 ...done in 0.2712991 seconds.
Configuration file: /root/lovetruth/site/_config.yml
Configuration file: /root/lovetruth/site/_config.yml
      Regenerating: 1 file(s) changed at 2017-10-22 02:01:49 ...done in 0.289826095 seconds.
      Regenerating: 1 file(s) changed at 2017-10-22 02:06:42 ...done in 0.330458595 seconds.
      Regenerating: 1 file(s) changed at 2017-10-22 02:08:59 ...done in 0.50875594 seconds.
[2017-10-22 02:10:01] ERROR `/jekyll/root/lovetruth/site"' not found.
      Regenerating: 1 file(s) changed at 2017-10-22 02:11:35 ...done in 0.504509059 seconds.
Configuration file: /root/lovetruth/site/_config.yml
Configuration file: /root/lovetruth/site/_config.yml
Configuration file: /root/lovetruth/site/_config.yml
Configuration file: /root/lovetruth/site/_config.yml
Configuration file: /root/lovetruth/site/_config.yml
Configuration file: /root/lovetruth/site/_config.yml
Configuration file: /root/lovetruth/site/_config.yml
      Regenerating: 1 file(s) changed at 2017-10-22 02:12:30 ...done in 0.565519064 seconds.
Configuration file: /root/lovetruth/site/_config.yml
            Source: /root/lovetruth/site
       Destination: /usr/share/nginx/html/
 Incremental build: disabled. Enable with --incremental
      Generating... 
                    done in 0.277 seconds.
 Auto-regeneration: enabled for '/root/lovetruth/site'
  JekyllAdmin mode: production
    Server address: http://127.0.0.1:4000/
  Server running... press ctrl-c to stop.
Configuration file: /root/lovetruth/site/_config.yml
Configuration file: /root/lovetruth/site/_config.yml
Configuration file: /root/lovetruth/site/_config.yml
            Source: /root/lovetruth/site
       Destination: /usr/share/nginx/html/
 Incremental build: disabled. Enable with --incremental
      Generating... 
                    done in 0.248 seconds.
 Auto-regeneration: enabled for '/root/lovetruth/site'
  JekyllAdmin mode: production
    Server address: http://127.0.0.1:4000/
  Server running... press ctrl-c to stop.
      Regenerating: 1 file(s) changed at 2017-10-22 02:43:18 ...done in 0.54911855 seconds.
      Regenerating: 1 file(s) changed at 2017-10-22 02:43:45 ...done in 0.403482506 seconds.
      Regenerating: 1 file(s) changed at 2017-10-22 02:44:34 ...done in 0.444016843 seconds.
Configuration file: /root/lovetruth/site/_config.yml
Configuration file: /root/lovetruth/site/_config.yml
      Regenerating: 1 file(s) changed at 2017-10-22 02:51:30 ...done in 0.45396722 seconds.
      Regenerating: 1 file(s) changed at 2017-10-22 03:13:25 ...done in 0.39444925 seconds.
      Regenerating: 1 file(s) changed at 2017-10-22 03:13:39 ...done in 0.551408398 seconds.
Configuration file: /root/lovetruth/site/_config.yml
Configuration file: /root/lovetruth/site/_config.yml
Configuration file: /root/lovetruth/site/_config.yml
Configuration file: /root/lovetruth/site/_config.yml
Configuration file: /root/lovetruth/site/_config.yml
Configuration file: /root/lovetruth/site/_config.yml
Configuration file: /root/lovetruth/site/_config.yml
Configuration file: /root/lovetruth/site/_config.yml
      Regenerating: 1 file(s) changed at 2017-10-22 08:02:08 ...done in 0.346111878 seconds.
      Regenerating: 1 file(s) changed at 2017-10-22 08:03:04 ...done in 0.452839235 seconds.
      Regenerating: 1 file(s) changed at 2017-10-22 08:04:48 ...done in 0.618007344 seconds.
      Regenerating: 1 file(s) changed at 2017-10-22 08:05:01 [2017-10-22 08:05:01] ERROR `/SamaelLilithGoatPentagram.png' not found.
...done in 1.083203938 seconds.
      Regenerating: 1 file(s) changed at 2017-10-22 08:06:33 ...done in 0.647970185 seconds.
      Regenerating: 1 file(s) changed at 2017-10-22 08:06:57 ...done in 0.652439668 seconds.
      Regenerating: 1 file(s) changed at 2017-10-22 08:07:14 ...done in 0.850736624 seconds.
      Regenerating: 1 file(s) changed at 2017-10-22 08:08:26 ...done in 0.423959933 seconds.
Configuration file: /root/lovetruth/site/_config.yml
Configuration file: /root/lovetruth/site/_config.yml
Configuration file: /root/lovetruth/site/_config.yml
Configuration file: /root/lovetruth/site/_config.yml
Configuration file: /root/lovetruth/site/_config.yml
Configuration file: /root/lovetruth/site/_config.yml
Configuration file: /root/lovetruth/site/_config.yml
Configuration file: /root/lovetruth/site/_config.yml
Configuration file: /root/lovetruth/site/_config.yml
Configuration file: /root/lovetruth/site/_config.yml
      Regenerating: 1 file(s) changed at 2017-10-22 08:11:41 ...done in 0.592456925 seconds.
      Regenerating: 1 file(s) changed at 2017-10-22 08:14:20 ...done in 0.827170517 seconds.
      Regenerating: 1 file(s) changed at 2017-10-22 08:47:53 ...done in 0.33416779 seconds.
      Regenerating: 1 file(s) changed at 2017-10-22 08:49:11 ...done in 0.59681125 seconds.
      Regenerating: 1 file(s) changed at 2017-10-22 08:53:16 ...done in 0.437517567 seconds.
      Regenerating: 1 file(s) changed at 2017-10-22 08:54:01 ...done in 0.682110012 seconds.
      Regenerating: 1 file(s) changed at 2017-10-22 08:55:13 ...done in 0.415730351 seconds.
      Regenerating: 1 file(s) changed at 2017-10-22 08:57:18 ...done in 0.348946915 seconds.
      Regenerating: 1 file(s) changed at 2017-10-22 08:57:47 ...done in 0.801725057 seconds.
      Regenerating: 1 file(s) changed at 2017-10-22 08:58:09 ...done in 0.565505481 seconds.
      Regenerating: 1 file(s) changed at 2017-10-22 09:02:06 ...done in 0.449714451 seconds.
      Regenerating: 1 file(s) changed at 2017-10-22 09:02:16 ...done in 0.445766728 seconds.
      Regenerating: 1 file(s) changed at 2017-10-22 09:03:40 ...done in 0.501490577 seconds.
Configuration file: /root/lovetruth/site/_config.yml
Configuration file: /root/lovetruth/site/_config.yml
      Regenerating: 1 file(s) changed at 2017-10-22 14:47:08 [31m  Liquid Exception: Liquid syntax error (line 6): 'raw' tag was never closed in /root/lovetruth/site/_posts/2017-10-21-buying-this-leather-jacket-made-me-a-cool-guy.md[0m
...error:
[33m             Error: Liquid syntax error (line 6): 'raw' tag was never closed[0m
[33m             Error: Run jekyll build --trace for more information.[0m
      Regenerating: 1 file(s) changed at 2017-10-22 14:58:09 [31m  Liquid Exception: Liquid syntax error (line 6): 'raw' tag was never closed in /root/lovetruth/site/_posts/2017-10-21-buying-this-leather-jacket-made-me-a-cool-guy.md[0m
...error:
[33m             Error: Liquid syntax error (line 6): 'raw' tag was never closed[0m
[33m             Error: Run jekyll build --trace for more information.[0m
[2017-10-22 14:58:14] ERROR `/2017/10/22/5-vegetables-that-cause-kidney-stones.html' not found.
[2017-10-22 14:58:14] ERROR `/favicon.ico' not found.
      Regenerating: 1 file(s) changed at 2017-10-22 14:58:42 [31m  Liquid Exception: Liquid syntax error (line 6): 'raw' tag was never closed in /root/lovetruth/site/_posts/2017-10-21-buying-this-leather-jacket-made-me-a-cool-guy.md[0m
...error:
[33m             Error: Liquid syntax error (line 6): 'raw' tag was never closed[0m
[33m             Error: Run jekyll build --trace for more information.[0m
[2017-10-22 14:58:46] ERROR `/2017/10/22/5-vegetables-that-cause-kidney-stones.html' not found.
[2017-10-22 14:58:57] ERROR `/2017/10/22/5-vegetables-that-cause-kidney-stones.html' not found.
      Regenerating: 1 file(s) changed at 2017-10-22 15:03:01 [31m  Liquid Exception: Liquid syntax error (line 6): 'raw' tag was never closed in /root/lovetruth/site/_posts/2017-10-21-buying-this-leather-jacket-made-me-a-cool-guy.md[0m
...error:
[33m             Error: Liquid syntax error (line 6): 'raw' tag was never closed[0m
[33m             Error: Run jekyll build --trace for more information.[0m
      Regenerating: 1 file(s) changed at 2017-10-22 15:03:06 [31m  Liquid Exception: Liquid syntax error (line 6): 'raw' tag was never closed in /root/lovetruth/site/_posts/2017-10-21-buying-this-leather-jacket-made-me-a-cool-guy.md[0m
...error:
[33m             Error: Liquid syntax error (line 6): 'raw' tag was never closed[0m
[33m             Error: Run jekyll build --trace for more information.[0m
      Regenerating: 1 file(s) changed at 2017-10-22 17:23:36 [31m  Liquid Exception: Liquid syntax error (line 6): 'raw' tag was never closed in /root/lovetruth/site/_posts/2017-10-21-buying-this-leather-jacket-made-me-a-cool-guy.md[0m
...error:
[33m             Error: Liquid syntax error (line 6): 'raw' tag was never closed[0m
[33m             Error: Run jekyll build --trace for more information.[0m
[2017-10-22 17:23:40] ERROR `/2017/10/22/10-signs-your-scorpio-friend-is-toxic.html' not found.
      Regenerating: 1 file(s) changed at 2017-10-22 17:32:57 [31m  Liquid Exception: Liquid syntax error (line 6): 'raw' tag was never closed in /root/lovetruth/site/_posts/2017-10-21-buying-this-leather-jacket-made-me-a-cool-guy.md[0m
...error:
[33m             Error: Liquid syntax error (line 6): 'raw' tag was never closed[0m
[33m             Error: Run jekyll build --trace for more information.[0m
[2017-10-22 17:33:03] ERROR `/2017/10/22/5-vegetables-that-cause-kidney-stones.html' not found.
      Regenerating: 1 file(s) changed at 2017-10-22 17:34:33 [31m  Liquid Exception: Liquid syntax error (line 6): 'raw' tag was never closed in /root/lovetruth/site/_posts/2017-10-21-buying-this-leather-jacket-made-me-a-cool-guy.md[0m
...error:
[33m             Error: Liquid syntax error (line 6): 'raw' tag was never closed[0m
[33m             Error: Run jekyll build --trace for more information.[0m
[2017-10-22 17:34:33] ERROR `/carrot-kale-walnuts-tomatoes.jpg' not found.
[2017-10-22 17:34:39] ERROR `/carrot-kale-walnuts-tomatoes.jpg' not found.
[2017-10-22 17:34:40] ERROR `/carrot-kale-walnuts-tomatoes.jpg' not found.
[31m  Liquid Exception: Liquid syntax error (line 6): 'raw' tag was never closed in /root/lovetruth/site/_posts/2017-10-21-buying-this-leather-jacket-made-me-a-cool-guy.md[0m
2017-10-22 17:34:45 - Liquid::SyntaxError - Liquid syntax error (line 6): 'raw' tag was never closed:
	/usr/local/rvm/gems/ruby-2.3.4/gems/liquid-4.0.0/lib/liquid/tags/raw.rb:22:in `parse'
	/usr/local/rvm/gems/ruby-2.3.4/gems/liquid-4.0.0/lib/liquid/tag.rb:10:in `parse'
	/usr/local/rvm/gems/ruby-2.3.4/gems/liquid-4.0.0/lib/liquid/block_body.rb:27:in `parse'
	/usr/local/rvm/gems/ruby-2.3.4/gems/liquid-4.0.0/lib/liquid/document.rb:10:in `parse'
	/usr/local/rvm/gems/ruby-2.3.4/gems/liquid-4.0.0/lib/liquid/document.rb:5:in `parse'
	/usr/local/rvm/gems/ruby-2.3.4/gems/liquid-4.0.0/lib/liquid/template.rb:132:in `parse'
	/usr/local/rvm/gems/ruby-2.3.4/gems/liquid-4.0.0/lib/liquid/template.rb:116:in `parse'
	/usr/local/rvm/gems/ruby-2.3.4/gems/jekyll-3.6.2/lib/jekyll/liquid_renderer/file.rb:13:in `block in parse'
	/usr/local/rvm/gems/ruby-2.3.4/gems/jekyll-3.6.2/lib/jekyll/liquid_renderer/file.rb:49:in `measure_time'
	/usr/local/rvm/gems/ruby-2.3.4/gems/jekyll-3.6.2/lib/jekyll/liquid_renderer/file.rb:12:in `parse'
	/usr/local/rvm/gems/ruby-2.3.4/gems/jekyll-3.6.2/lib/jekyll/renderer.rb:118:in `render_liquid'
	/usr/local/rvm/gems/ruby-2.3.4/gems/jekyll-3.6.2/lib/jekyll/renderer.rb:76:in `render_document'
	/usr/local/rvm/gems/ruby-2.3.4/gems/jekyll-3.6.2/lib/jekyll/renderer.rb:62:in `run'
	/usr/local/rvm/gems/ruby-2.3.4/gems/jekyll-3.6.2/lib/jekyll/site.rb:455:in `block (2 levels) in render_docs'
	/usr/local/rvm/gems/ruby-2.3.4/gems/jekyll-3.6.2/lib/jekyll/site.rb:453:in `each'
	/usr/local/rvm/gems/ruby-2.3.4/gems/jekyll-3.6.2/lib/jekyll/site.rb:453:in `block in render_docs'
	/usr/local/rvm/gems/ruby-2.3.4/gems/jekyll-3.6.2/lib/jekyll/site.rb:452:in `each_value'
	/usr/local/rvm/gems/ruby-2.3.4/gems/jekyll-3.6.2/lib/jekyll/site.rb:452:in `render_docs'
	/usr/local/rvm/gems/ruby-2.3.4/gems/jekyll-3.6.2/lib/jekyll/site.rb:192:in `render'
	/usr/local/rvm/gems/ruby-2.3.4/gems/jekyll-3.6.2/lib/jekyll/site.rb:73:in `process'
	/usr/local/rvm/gems/ruby-2.3.4/gems/jekyll-admin-0.7.0/lib/jekyll-admin/file_helper.rb:36:in `delete_file'
	/usr/local/rvm/gems/ruby-2.3.4/gems/jekyll-admin-0.7.0/lib/jekyll-admin/server/static_file.rb:30:in `block (2 levels) in <class:Server>'
	/usr/local/rvm/gems/ruby-2.3.4/gems/sinatra-1.4.8/lib/sinatra/base.rb:1611:in `call'
	/usr/local/rvm/gems/ruby-2.3.4/gems/sinatra-1.4.8/lib/sinatra/base.rb:1611:in `block in compile!'
	/usr/local/rvm/gems/ruby-2.3.4/gems/sinatra-1.4.8/lib/sinatra/base.rb:975:in `block (3 levels) in route!'
	/usr/local/rvm/gems/ruby-2.3.4/gems/sinatra-1.4.8/lib/sinatra/base.rb:994:in `route_eval'
	/usr/local/rvm/gems/ruby-2.3.4/gems/sinatra-1.4.8/lib/sinatra/base.rb:975:in `block (2 levels) in route!'
	/usr/local/rvm/gems/ruby-2.3.4/gems/sinatra-1.4.8/lib/sinatra/base.rb:1015:in `block in process_route'
	/usr/local/rvm/gems/ruby-2.3.4/gems/sinatra-1.4.8/lib/sinatra/base.rb:1013:in `catch'
	/usr/local/rvm/gems/ruby-2.3.4/gems/sinatra-1.4.8/lib/sinatra/base.rb:1013:in `process_route'
	/usr/local/rvm/gems/ruby-2.3.4/gems/sinatra-1.4.8/lib/sinatra/base.rb:973:in `block in route!'
	/usr/local/rvm/gems/ruby-2.3.4/gems/sinatra-1.4.8/lib/sinatra/base.rb:972:in `each'
	/usr/local/rvm/gems/ruby-2.3.4/gems/sinatra-1.4.8/lib/sinatra/base.rb:972:in `route!'
	/usr/local/rvm/gems/ruby-2.3.4/gems/sinatra-1.4.8/lib/sinatra/base.rb:1085:in `block in dispatch!'
	/usr/local/rvm/gems/ruby-2.3.4/gems/sinatra-1.4.8/lib/sinatra/base.rb:1067:in `block in invoke'
	/usr/local/rvm/gems/ruby-2.3.4/gems/sinatra-1.4.8/lib/sinatra/base.rb:1067:in `catch'
	/usr/local/rvm/gems/ruby-2.3.4/gems/sinatra-1.4.8/lib/sinatra/base.rb:1067:in `invoke'
	/usr/local/rvm/gems/ruby-2.3.4/gems/sinatra-1.4.8/lib/sinatra/base.rb:1082:in `dispatch!'
	/usr/local/rvm/gems/ruby-2.3.4/gems/sinatra-1.4.8/lib/sinatra/base.rb:907:in `block in call!'
	/usr/local/rvm/gems/ruby-2.3.4/gems/sinatra-1.4.8/lib/sinatra/base.rb:1067:in `block in invoke'
	/usr/local/rvm/gems/ruby-2.3.4/gems/sinatra-1.4.8/lib/sinatra/base.rb:1067:in `catch'
	/usr/local/rvm/gems/ruby-2.3.4/gems/sinatra-1.4.8/lib/sinatra/base.rb:1067:in `invoke'
	/usr/local/rvm/gems/ruby-2.3.4/gems/sinatra-1.4.8/lib/sinatra/base.rb:907:in `call!'
	/usr/local/rvm/gems/ruby-2.3.4/gems/sinatra-1.4.8/lib/sinatra/base.rb:895:in `call'
	/usr/local/rvm/gems/ruby-2.3.4/gems/rack-protection-1.5.3/lib/rack/protection/xss_header.rb:18:in `call'
	/usr/local/rvm/gems/ruby-2.3.4/gems/rack-protection-1.5.3/lib/rack/protection/path_traversal.rb:16:in `call'
	/usr/local/rvm/gems/ruby-2.3.4/gems/rack-protection-1.5.3/lib/rack/protection/json_csrf.rb:18:in `call'
	/usr/local/rvm/gems/ruby-2.3.4/gems/rack-protection-1.5.3/lib/rack/protection/base.rb:49:in `call'
	/usr/local/rvm/gems/ruby-2.3.4/gems/rack-protection-1.5.3/lib/rack/protection/base.rb:49:in `call'
	/usr/local/rvm/gems/ruby-2.3.4/gems/rack-protection-1.5.3/lib/rack/protection/frame_options.rb:31:in `call'
	/usr/local/rvm/gems/ruby-2.3.4/gems/rack-1.6.8/lib/rack/nulllogger.rb:9:in `call'
	/usr/local/rvm/gems/ruby-2.3.4/gems/rack-1.6.8/lib/rack/head.rb:13:in `call'
	/usr/local/rvm/gems/ruby-2.3.4/gems/sinatra-1.4.8/lib/sinatra/base.rb:182:in `call'
	/usr/local/rvm/gems/ruby-2.3.4/gems/sinatra-1.4.8/lib/sinatra/base.rb:2013:in `call'
	/usr/local/rvm/gems/ruby-2.3.4/gems/sinatra-1.4.8/lib/sinatra/base.rb:1487:in `block in call'
	/usr/local/rvm/gems/ruby-2.3.4/gems/sinatra-1.4.8/lib/sinatra/base.rb:1787:in `synchronize'
	/usr/local/rvm/gems/ruby-2.3.4/gems/sinatra-1.4.8/lib/sinatra/base.rb:1487:in `call'
	/usr/local/rvm/gems/ruby-2.3.4/gems/rack-1.6.8/lib/rack/handler/webrick.rb:88:in `service'
	/usr/local/rvm/rubies/ruby-2.3.4/lib/ruby/2.3.0/webrick/httpserver.rb:140:in `service'
	/usr/local/rvm/rubies/ruby-2.3.4/lib/ruby/2.3.0/webrick/httpserver.rb:96:in `run'
	/usr/local/rvm/rubies/ruby-2.3.4/lib/ruby/2.3.0/webrick/server.rb:296:in `block in start_thread'
      Regenerating: 1 file(s) changed at 2017-10-22 17:34:45 [31m  Liquid Exception: Liquid syntax error (line 6): 'raw' tag was never closed in /root/lovetruth/site/_posts/2017-10-21-buying-this-leather-jacket-made-me-a-cool-guy.md[0m
...error:
[33m             Error: Liquid syntax error (line 6): 'raw' tag was never closed[0m
[33m             Error: Run jekyll build --trace for more information.[0m
      Regenerating: 1 file(s) changed at 2017-10-22 17:34:50 [31m  Liquid Exception: Liquid syntax error (line 6): 'raw' tag was never closed in /root/lovetruth/site/_posts/2017-10-21-buying-this-leather-jacket-made-me-a-cool-guy.md[0m
...error:
[33m             Error: Liquid syntax error (line 6): 'raw' tag was never closed[0m
[33m             Error: Run jekyll build --trace for more information.[0m
[2017-10-22 17:34:51] ERROR `/carrot-kale-walnuts-tomatoes.jpg' not found.
[2017-10-22 17:36:09] ERROR `/2017/10/22/10-signs-your-scorpio-friend-is-toxic.html' not found.
Configuration file: /root/lovetruth/site/_config.yml
Configuration file: /root/lovetruth/site/_config.yml
[2017-10-22 20:13:53] ERROR `/2017/10/22/5-vegetables-that-cause-kidney-stones.html' not found.
[2017-10-22 20:14:18] ERROR `/2017/10/22/10-signs-your-scorpio-friend-is-toxic.html' not found.
      Regenerating: 1 file(s) changed at 2017-10-22 20:14:24 [31m  Liquid Exception: Liquid syntax error (line 6): 'raw' tag was never closed in /root/lovetruth/site/_posts/2017-10-21-buying-this-leather-jacket-made-me-a-cool-guy.md[0m
...error:
[33m             Error: Liquid syntax error (line 6): 'raw' tag was never closed[0m
[33m             Error: Run jekyll build --trace for more information.[0m
[2017-10-22 20:14:24] ERROR `/2017/10/22/10-signs-your-scorpio-friend-is-toxic.html' not found.
      Regenerating: 1 file(s) changed at 2017-10-22 20:14:30 [31m  Liquid Exception: Liquid syntax error (line 6): 'raw' tag was never closed in /root/lovetruth/site/_posts/2017-10-21-buying-this-leather-jacket-made-me-a-cool-guy.md[0m
...error:
[33m             Error: Liquid syntax error (line 6): 'raw' tag was never closed[0m
[33m             Error: Run jekyll build --trace for more information.[0m
[2017-10-22 20:14:38] ERROR `/carrot-kale-walnuts-tomatoes.jpg' not found.
[2017-10-22 20:15:40] ERROR `/carrot-kale-walnuts-tomatoes.jpg' not found.
Configuration file: /root/lovetruth/site/_config.yml
Configuration file: /root/lovetruth/site/_config.yml
[2017-10-22 20:16:03] ERROR `/2017/10/22/10-signs-your-scorpio-friend-is-toxic.html' not found.
      Regenerating: 1 file(s) changed at 2017-10-22 20:16:23 [31m  Liquid Exception: Liquid syntax error (line 6): 'raw' tag was never closed in /root/lovetruth/site/_posts/2017-10-21-buying-this-leather-jacket-made-me-a-cool-guy.md[0m
...error:
[33m             Error: Liquid syntax error (line 6): 'raw' tag was never closed[0m
[33m             Error: Run jekyll build --trace for more information.[0m
[2017-10-22 20:16:24] ERROR `/2017/10/22/5-vegetables-that-cause-kidney-stones.html' not found.
      Regenerating: 1 file(s) changed at 2017-10-22 20:16:42 [31m  Liquid Exception: Liquid syntax error (line 6): 'raw' tag was never closed in /root/lovetruth/site/_posts/2017-10-21-buying-this-leather-jacket-made-me-a-cool-guy.md[0m
...error:
[33m             Error: Liquid syntax error (line 6): 'raw' tag was never closed[0m
[33m             Error: Run jekyll build --trace for more information.[0m
[2017-10-22 20:16:44] ERROR `/2017/10/22/5-vegetables-that-cause-kidney-stones.html' not found.
      Regenerating: 1 file(s) changed at 2017-10-22 20:16:45 [31m  Liquid Exception: Liquid syntax error (line 6): 'raw' tag was never closed in /root/lovetruth/site/_posts/2017-10-21-buying-this-leather-jacket-made-me-a-cool-guy.md[0m
...error:
[33m             Error: Liquid syntax error (line 6): 'raw' tag was never closed[0m
[33m             Error: Run jekyll build --trace for more information.[0m
[2017-10-22 20:16:46] ERROR `/2017/10/22/10-signs-your-scorpio-friend-is-toxic.html' not found.
      Regenerating: 1 file(s) changed at 2017-10-22 20:16:49 [31m  Liquid Exception: Liquid syntax error (line 6): 'raw' tag was never closed in /root/lovetruth/site/_posts/2017-10-21-buying-this-leather-jacket-made-me-a-cool-guy.md[0m
...error:
[33m             Error: Liquid syntax error (line 6): 'raw' tag was never closed[0m
[33m             Error: Run jekyll build --trace for more information.[0m
[2017-10-22 20:16:51] ERROR `/2017/10/22/5-vegetables-that-cause-kidney-stones.html' not found.
      Regenerating: 1 file(s) changed at 2017-10-22 20:17:18 [31m  Liquid Exception: Liquid syntax error (line 6): 'raw' tag was never closed in /root/lovetruth/site/_posts/2017-10-21-buying-this-leather-jacket-made-me-a-cool-guy.md[0m
...error:
[33m             Error: Liquid syntax error (line 6): 'raw' tag was never closed[0m
[33m             Error: Run jekyll build --trace for more information.[0m
[2017-10-22 20:17:18] ERROR `/2017/10/22/5-vegetables-that-cause-kidney-stones.html' not found.
[2017-10-22 20:17:25] ERROR `/carrot-kale-walnuts-tomatoes.jpg' not found.
[2017-10-22 20:17:25] ERROR `/2017/10/22/5-vegetables-that-cause-kidney-stones.html' not found.
      Regenerating: 1 file(s) changed at 2017-10-22 20:17:51 [31m  Liquid Exception: Liquid syntax error (line 6): 'raw' tag was never closed in /root/lovetruth/site/_posts/2017-10-21-buying-this-leather-jacket-made-me-a-cool-guy.md[0m
...error:
[33m             Error: Liquid syntax error (line 6): 'raw' tag was never closed[0m
[33m             Error: Run jekyll build --trace for more information.[0m
      Regenerating: 1 file(s) changed at 2017-10-22 20:18:27 [31m  Liquid Exception: Liquid syntax error (line 6): 'raw' tag was never closed in /root/lovetruth/site/_posts/2017-10-21-buying-this-leather-jacket-made-me-a-cool-guy.md[0m
...error:
[33m             Error: Liquid syntax error (line 6): 'raw' tag was never closed[0m
[33m             Error: Run jekyll build --trace for more information.[0m
[2017-10-22 20:18:29] ERROR `/2017/10/22/.html' not found.
[2017-10-23 23:14:53] ERROR `/favicon.ico' not found.
Configuration file: /root/lovetruth/site/_config.yml
Configuration file: /root/lovetruth/site/_config.yml
[2017-10-23 23:15:07] ERROR `/2017/10/22/.html' not found.
[2017-10-23 23:15:07] ERROR `/favicon.ico' not found.
      Regenerating: 1 file(s) changed at 2017-10-23 23:15:33 [31m  Liquid Exception: Liquid syntax error (line 6): 'raw' tag was never closed in /root/lovetruth/site/_posts/2017-10-21-buying-this-leather-jacket-made-me-a-cool-guy.md[0m
...error:
[33m             Error: Liquid syntax error (line 6): 'raw' tag was never closed[0m
[33m             Error: Run jekyll build --trace for more information.[0m
      Regenerating: 2 file(s) changed at 2017-10-23 23:15:41 [31m  Liquid Exception: Liquid syntax error (line 6): 'raw' tag was never closed in /root/lovetruth/site/_posts/2017-10-21-buying-this-leather-jacket-made-me-a-cool-guy.md[0m
...error:
[33m             Error: Liquid syntax error (line 6): 'raw' tag was never closed[0m
[33m             Error: Run jekyll build --trace for more information.[0m
[2017-10-23 23:15:46] ERROR `/2017/10/22/needs-a-name.html' not found.
      Regenerating: 1 file(s) changed at 2017-10-23 23:16:56 [31m  Liquid Exception: Liquid syntax error (line 6): 'raw' tag was never closed in /root/lovetruth/site/_posts/2017-10-21-buying-this-leather-jacket-made-me-a-cool-guy.md[0m
...error:
[33m             Error: Liquid syntax error (line 6): 'raw' tag was never closed[0m
[33m             Error: Run jekyll build --trace for more information.[0m
[2017-10-23 23:17:01] ERROR `/2017/10/22/needs-a-name.html' not found.
      Regenerating: 1 file(s) changed at 2017-10-23 23:18:23 [33m     Build Warning: Layout 'Post' requested in _posts/2017-10-22-10-signs-your-scorpio-friend-is-toxic.md does not exist.[0m
[33m     Build Warning: Layout 'Post' requested in _posts/2017-10-22-5-vegetables-that-cause-kidney-stones.md does not exist.[0m
...done in 0.541871505 seconds.
      Regenerating: 1 file(s) changed at 2017-10-23 23:21:43 [33m     Build Warning: Layout 'Post' requested in _posts/2017-10-22-10-signs-your-scorpio-friend-is-toxic.md does not exist.[0m
[33m     Build Warning: Layout 'Post' requested in _posts/2017-10-22-5-vegetables-that-cause-kidney-stones.md does not exist.[0m
...done in 0.480437805 seconds.
      Regenerating: 1 file(s) changed at 2017-10-23 23:27:44 [33m     Build Warning: Layout 'Post' requested in _posts/2017-10-22-10-signs-your-scorpio-friend-is-toxic.md does not exist.[0m
[33m     Build Warning: Layout 'Post' requested in _posts/2017-10-22-5-vegetables-that-cause-kidney-stones.md does not exist.[0m
...done in 0.814157019 seconds.
      Regenerating: 1 file(s) changed at 2017-10-23 23:28:44 [33m     Build Warning: Layout 'Post' requested in _posts/2017-10-22-5-vegetables-that-cause-kidney-stones.md does not exist.[0m
...done in 0.500541382 seconds.
      Regenerating: 1 file(s) changed at 2017-10-23 23:29:15 ...done in 0.769769205 seconds.
      Regenerating: 1 file(s) changed at 2017-10-23 23:31:28 ...done in 0.533686223 seconds.
      Regenerating: 1 file(s) changed at 2017-10-23 23:31:43 ...done in 0.727806252 seconds.
      Regenerating: 1 file(s) changed at 2017-10-23 23:31:55 ...done in 0.807689157 seconds.
      Regenerating: 1 file(s) changed at 2017-10-23 23:32:04 ...done in 0.446549893 seconds.
